{
  "stats": {
    "suites": 0,
    "tests": 1,
    "passes": 1,
    "pending": 0,
    "failures": 0,
    "start": "2024-09-15T11:39:31.679Z",
    "end": "2024-09-15T11:39:32.415Z",
    "duration": 736,
    "testsRegistered": 1,
    "passPercent": 100,
    "pendingPercent": 0,
    "other": 0,
    "hasOther": false,
    "skipped": 0,
    "hasSkipped": false
  },
  "results": [
    {
      "uuid": "beb0fb41-e044-4da5-9838-69023c21fa32",
      "title": "",
      "fullFile": "cypress\\e2e\\tests\\signInButtonTest.cy.js",
      "file": "cypress\\e2e\\tests\\signInButtonTest.cy.js",
      "beforeHooks": [],
      "afterHooks": [],
      "tests": [
        {
          "title": "signInButtonNameTest",
          "fullTitle": "signInButtonNameTest",
          "timedOut": null,
          "duration": 692,
          "state": "passed",
          "speed": "fast",
          "pass": true,
          "fail": false,
          "pending": false,
          "context": null,
          "code": "lndP.navigate(url);\nlndP.locate_signin_btn().should('be.enabled').should('be.visible').and('have.text', 'সাইন ইন');",
          "err": {},
          "uuid": "4401837f-9d0c-44ba-a344-2ad7e2f5292b",
          "parentUUID": "beb0fb41-e044-4da5-9838-69023c21fa32",
          "isHook": false,
          "skipped": false
        }
      ],
      "suites": [],
      "passes": [
        "4401837f-9d0c-44ba-a344-2ad7e2f5292b"
      ],
      "failures": [],
      "pending": [],
      "skipped": [],
      "duration": 692,
      "root": true,
      "rootEmpty": false,
      "_timeout": 2000
    }
  ],
  "meta": {
    "mocha": {
      "version": "7.0.1"
    },
    "mochawesome": {
      "options": {
        "quiet": false,
        "reportFilename": "mochawesome",
        "saveHtml": false,
        "saveJson": true,
        "consoleReporter": "spec",
        "useInlineDiffs": false,
        "code": true
      },
      "version": "7.1.3"
    },
    "marge": {
      "options": {
        "charts": true,
        "overwrite": false,
        "html": false,
        "json": true,
        "reportDir": "cypress/reports"
      },
      "version": "6.2.0"
    }
  }
}