{
  "stats": {
    "suites": 0,
    "tests": 1,
    "passes": 1,
    "pending": 0,
    "failures": 0,
    "start": "2024-09-15T11:39:25.538Z",
    "end": "2024-09-15T11:39:30.315Z",
    "duration": 4777,
    "testsRegistered": 1,
    "passPercent": 100,
    "pendingPercent": 0,
    "other": 0,
    "hasOther": false,
    "skipped": 0,
    "hasSkipped": false
  },
  "results": [
    {
      "uuid": "26aabc26-3193-4743-a5b9-f6b88ba4cc79",
      "title": "",
      "fullFile": "cypress\\e2e\\tests\\loginTest.cy.js",
      "file": "cypress\\e2e\\tests\\loginTest.cy.js",
      "beforeHooks": [],
      "afterHooks": [],
      "tests": [
        {
          "title": "LIMS Test",
          "fullTitle": "LIMS Test",
          "timedOut": null,
          "duration": 4751,
          "state": "passed",
          "speed": "fast",
          "pass": true,
          "fail": false,
          "pending": false,
          "context": null,
          "code": "lndP.navigate(url);\nlndP.click_signin_btn();\nloginP.enteruname(uname);\nloginP.enterPassword(password);\nloginP.click_signin_btn();",
          "err": {},
          "uuid": "0d6a046e-fb10-4a4a-b679-7518e3cb4f20",
          "parentUUID": "26aabc26-3193-4743-a5b9-f6b88ba4cc79",
          "isHook": false,
          "skipped": false
        }
      ],
      "suites": [],
      "passes": [
        "0d6a046e-fb10-4a4a-b679-7518e3cb4f20"
      ],
      "failures": [],
      "pending": [],
      "skipped": [],
      "duration": 4751,
      "root": true,
      "rootEmpty": false,
      "_timeout": 2000
    }
  ],
  "meta": {
    "mocha": {
      "version": "7.0.1"
    },
    "mochawesome": {
      "options": {
        "quiet": false,
        "reportFilename": "mochawesome",
        "saveHtml": false,
        "saveJson": true,
        "consoleReporter": "spec",
        "useInlineDiffs": false,
        "code": true
      },
      "version": "7.1.3"
    },
    "marge": {
      "options": {
        "charts": true,
        "overwrite": false,
        "html": false,
        "json": true,
        "reportDir": "cypress/reports"
      },
      "version": "6.2.0"
    }
  }
}