{
  "stats": {
    "suites": 0,
    "tests": 1,
    "passes": 0,
    "pending": 0,
    "failures": 1,
    "start": "2024-08-03T18:06:57.845Z",
    "end": "2024-08-03T18:07:59.408Z",
    "duration": 61563,
    "testsRegistered": 1,
    "passPercent": 0,
    "pendingPercent": 0,
    "other": 0,
    "hasOther": false,
    "skipped": 0,
    "hasSkipped": false
  },
  "results": [
    {
      "uuid": "e1d3c1db-1632-453e-be72-193a2ba11721",
      "title": "",
      "fullFile": "cypress\\e2e\\tests\\loginTest.cy.js",
      "file": "cypress\\e2e\\tests\\loginTest.cy.js",
      "beforeHooks": [],
      "afterHooks": [],
      "tests": [
        {
          "title": "LIMS Test",
          "fullTitle": "LIMS Test",
          "timedOut": null,
          "duration": 61494,
          "state": "failed",
          "speed": null,
          "pass": false,
          "fail": true,
          "pending": false,
          "context": null,
          "code": "lndP.navigate(url);\nlndP.click_signin_btn();\nloginP.enteruname(uname);\nloginP.enterPassword(password);\nloginP.click_signin_btn();",
          "err": {
            "message": "CypressError: Timed out after waiting `60000ms` for your remote page to load.\n\nYour page did not fire its `load` event within `60000ms`.\n\nYou can try increasing the `pageLoadTimeout` value in `cypress.config.js` to wait longer.\n\nBrowsers will not fire the `load` event until all stylesheets and scripts are done downloading.\n\nWhen this `load` event occurs, Cypress will continue running commands.",
            "estack": "CypressError: Timed out after waiting `60000ms` for your remote page to load.\n\nYour page did not fire its `load` event within `60000ms`.\n\nYou can try increasing the `pageLoadTimeout` value in `cypress.config.js` to wait longer.\n\nBrowsers will not fire the `load` event until all stylesheets and scripts are done downloading.\n\nWhen this `load` event occurs, Cypress will continue running commands.\n    at timedOutWaitingForPageLoad (http://103.84.36.246:81/__cypress/runner/cypress_runner.js:130948:64)\n    at <unknown> (http://103.84.36.246:81/__cypress/runner/cypress_runner.js:131264:16)\n    at tryCatcher (http://103.84.36.246:81/__cypress/runner/cypress_runner.js:1807:23)\n    at <unknown> (http://103.84.36.246:81/__cypress/runner/cypress_runner.js:4186:41)\n    at tryCatcher (http://103.84.36.246:81/__cypress/runner/cypress_runner.js:1807:23)\n    at Promise._settlePromiseFromHandler (http://103.84.36.246:81/__cypress/runner/cypress_runner.js:1519:31)\n    at Promise._settlePromise (http://103.84.36.246:81/__cypress/runner/cypress_runner.js:1576:18)\n    at Promise._settlePromise0 (http://103.84.36.246:81/__cypress/runner/cypress_runner.js:1621:10)\n    at Promise._settlePromises (http://103.84.36.246:81/__cypress/runner/cypress_runner.js:1697:18)\n    at _drainQueueStep (http://103.84.36.246:81/__cypress/runner/cypress_runner.js:2407:12)\n    at _drainQueue (http://103.84.36.246:81/__cypress/runner/cypress_runner.js:2400:9)\n    at Async._drainQueues (http://103.84.36.246:81/__cypress/runner/cypress_runner.js:2416:5)\n    at Async.drainQueues (http://103.84.36.246:81/__cypress/runner/cypress_runner.js:2286:14)\nFrom Your Spec Code:\n    at LoginPage.enteruname (webpack://lims_cypress/./cypress/e2e/pages/LoginPage.js:8:11)\n    at Context.eval (webpack://lims_cypress/./cypress/e2e/tests/loginTest.cy.js:19:11)",
            "diff": null
          },
          "uuid": "e24ebbc1-9140-42ab-b9d3-c2de6002c192",
          "parentUUID": "e1d3c1db-1632-453e-be72-193a2ba11721",
          "isHook": false,
          "skipped": false
        }
      ],
      "suites": [],
      "passes": [],
      "failures": [
        "e24ebbc1-9140-42ab-b9d3-c2de6002c192"
      ],
      "pending": [],
      "skipped": [],
      "duration": 61494,
      "root": true,
      "rootEmpty": false,
      "_timeout": 2000
    }
  ],
  "meta": {
    "mocha": {
      "version": "7.0.1"
    },
    "mochawesome": {
      "options": {
        "quiet": false,
        "reportFilename": "mochawesome",
        "saveHtml": false,
        "saveJson": true,
        "consoleReporter": "spec",
        "useInlineDiffs": false,
        "code": true
      },
      "version": "7.1.3"
    },
    "marge": {
      "options": {
        "charts": true,
        "overwrite": false,
        "html": false,
        "json": true,
        "reportDir": "cypress/reports"
      },
      "version": "6.2.0"
    }
  }
}